# JRE version: OpenJDK Runtime Environment Microsoft-9889599 (17.0.12+7) (build 17.0.12+7-LTS)
# Java VM: OpenJDK 64-Bit Server VM Microsoft-9889599 (17.0.12+7-LTS, mixed mode, sharing, tiered, compressed oops, compressed class ptrs, g1 gc, windows-amd64)
GC Precious Log:
 CPUs: 16 total, 16 available
 Memory: 5989M
 Large Page Support: Disabled
 NUMA Support: Disabled
 Compressed Oops: Enabled (32-bit)
 Heap Region Size: 1M
 Heap Min Capacity: 8M
 Heap Initial Capacity: 94M
 Heap Max Capacity: 2G
 Pre-touch: Disabled
 Parallel Workers: 13
 Concurrent Workers: 3
 Concurrent Refinement Workers: 13
 Periodic GC: Disabled
Heap:
 garbage-first heap   total 96256K, used 33815K [0x0000000080000000, 0x0000000100000000)
  region size 1024K, 4 young (4096K), 4 survivors (4096K)
 Metaspace       used 35731K, committed 36096K, reserved 491520K
  class space    used 4925K, committed 5120K, reserved 425984K
GC Heap History (15 events):
Event: 0.757 GC heap before
{Heap before GC invocations=0 (full 0):
 garbage-first heap   total 96256K, used 26624K [0x0000000080000000, 0x0000000100000000)
  region size 1024K, 23 young (23552K), 0 survivors (0K)
 Metaspace       used 1997K, committed 2176K, reserved 491520K
  class space    used 210K, committed 320K, reserved 425984K
}
Event: 0.766 GC heap after
{Heap after GC invocations=1 (full 0):
 garbage-first heap   total 96256K, used 10604K [0x0000000080000000, 0x0000000100000000)
  region size 1024K, 3 young (3072K), 3 survivors (3072K)
 Metaspace       used 1997K, committed 2176K, reserved 491520K
  class space    used 210K, committed 320K, reserved 425984K
}
Event: 1.333 GC heap before
{Heap before GC invocations=1 (full 0):
 garbage-first heap   total 96256K, used 37228K [0x0000000080000000, 0x0000000100000000)
  region size 1024K, 29 young (29696K), 3 survivors (3072K)
 Metaspace       used 4109K, committed 4288K, reserved 491520K
  class space    used 504K, committed 640K, reserved 425984K
}
Event: 1.338 GC heap after
{Heap after GC invocations=2 (full 0):
 garbage-first heap   total 96256K, used 11844K [0x0000000080000000, 0x0000000100000000)
  region size 1024K, 2 young (2048K), 2 survivors (2048K)
 Metaspace       used 4109K, committed 4288K, reserved 491520K
  class space    used 504K, committed 640K, reserved 425984K
}
Event: 2.283 GC heap before
{Heap before GC invocations=2 (full 0):
 garbage-first heap   total 96256K, used 59972K [0x0000000080000000, 0x0000000100000000)
  region size 1024K, 47 young (48128K), 2 survivors (2048K)
 Metaspace       used 8428K, committed 8640K, reserved 491520K
  class space    used 1114K, committed 1216K, reserved 425984K
}
Event: 2.289 GC heap after
{Heap after GC invocations=3 (full 0):
 garbage-first heap   total 96256K, used 18945K [0x0000000080000000, 0x0000000100000000)
  region size 1024K, 6 young (6144K), 6 survivors (6144K)
 Metaspace       used 8428K, committed 8640K, reserved 491520K
  class space    used 1114K, committed 1216K, reserved 425984K
}
Event: 3.131 GC heap before
{Heap before GC invocations=3 (full 0):
 garbage-first heap   total 96256K, used 60929K [0x0000000080000000, 0x0000000100000000)
  region size 1024K, 47 young (48128K), 6 survivors (6144K)
 Metaspace       used 16101K, committed 16384K, reserved 491520K
  class space    used 2256K, committed 2368K, reserved 425984K
}
Event: 3.139 GC heap after
{Heap after GC invocations=4 (full 0):
 garbage-first heap   total 96256K, used 21913K [0x0000000080000000, 0x0000000100000000)
  region size 1024K, 3 young (3072K), 3 survivors (3072K)
 Metaspace       used 16101K, committed 16384K, reserved 491520K
  class space    used 2256K, committed 2368K, reserved 425984K
}
Event: 3.963 GC heap before
{Heap before GC invocations=4 (full 0):
 garbage-first heap   total 96256K, used 62873K [0x0000000080000000, 0x0000000100000000)
  region size 1024K, 44 young (45056K), 3 survivors (3072K)
 Metaspace       used 21243K, committed 21504K, reserved 491520K
  class space    used 3106K, committed 3264K, reserved 425984K
}
Event: 3.968 GC heap after
{Heap after GC invocations=5 (full 0):
 garbage-first heap   total 96256K, used 24245K [0x0000000080000000, 0x0000000100000000)
  region size 1024K, 5 young (5120K), 5 survivors (5120K)
 Metaspace       used 21243K, committed 21504K, reserved 491520K
  class space    used 3106K, committed 3264K, reserved 425984K
}
Event: 4.772 GC heap before
{Heap before GC invocations=6 (full 0):
 garbage-first heap   total 86016K, used 70325K [0x0000000080000000, 0x0000000100000000)
  region size 1024K, 50 young (51200K), 5 survivors (5120K)
 Metaspace       used 27136K, committed 27520K, reserved 491520K
  class space    used 4025K, committed 4224K, reserved 425984K
}
Event: 4.781 GC heap after
{Heap after GC invocations=7 (full 0):
 garbage-first heap   total 86016K, used 26275K [0x0000000080000000, 0x0000000100000000)
  region size 1024K, 5 young (5120K), 5 survivors (5120K)
 Metaspace       used 27136K, committed 27520K, reserved 491520K
  class space    used 4025K, committed 4224K, reserved 425984K
}
Event: 5.432 GC heap before
{Heap before GC invocations=7 (full 0):
 garbage-first heap   total 86016K, used 62115K [0x0000000080000000, 0x0000000100000000)
  region size 1024K, 41 young (41984K), 5 survivors (5120K)
 Metaspace       used 33340K, committed 33728K, reserved 491520K
  class space    used 4714K, committed 4928K, reserved 425984K
}
Event: 5.440 GC heap after
{Heap after GC invocations=8 (full 0):
 garbage-first heap   total 86016K, used 31090K [0x0000000080000000, 0x0000000100000000)
  region size 1024K, 6 young (6144K), 6 survivors (6144K)
 Metaspace       used 33340K, committed 33728K, reserved 491520K
  class space    used 4714K, committed 4928K, reserved 425984K
}
Event: 5.840 GC heap before
{Heap before GC invocations=8 (full 0):
 garbage-first heap   total 86016K, used 64882K [0x0000000080000000, 0x0000000100000000)
  region size 1024K, 36 young (36864K), 6 survivors (6144K)
 Metaspace       used 35731K, committed 36096K, reserved 491520K
  class space    used 4925K, committed 5120K, reserved 425984K
}

