# JRE version: OpenJDK Runtime Environment Microsoft-9889599 (17.0.12+7) (build 17.0.12+7-LTS)
# Java VM: OpenJDK 64-Bit Server VM Microsoft-9889599 (17.0.12+7-LTS, mixed mode, sharing, tiered, compressed oops, compressed class ptrs, g1 gc, windows-amd64)
GC Precious Log:
 CPUs: 16 total, 16 available
 Memory: 5989M
 Large Page Support: Disabled
 NUMA Support: Disabled
 Compressed Oops: Enabled (32-bit)
 Heap Region Size: 1M
 Heap Min Capacity: 8M
 Heap Initial Capacity: 94M
 Heap Max Capacity: 2G
 Pre-touch: Disabled
 Parallel Workers: 13
 Concurrent Workers: 3
 Concurrent Refinement Workers: 13
 Periodic GC: Disabled
Heap:
 garbage-first heap   total 107520K, used 71179K [0x0000000080000000, 0x0000000100000000)
  region size 1024K, 33 young (33792K), 5 survivors (5120K)
 Metaspace       used 52251K, committed 52864K, reserved 491520K
  class space    used 7299K, committed 7616K, reserved 425984K
GC Heap History (20 events):
Event: 3.202 GC heap before
{Heap before GC invocations=2 (full 0):
 garbage-first heap   total 96256K, used 59214K [0x0000000080000000, 0x0000000100000000)
  region size 1024K, 46 young (47104K), 2 survivors (2048K)
 Metaspace       used 8053K, committed 8256K, reserved 491520K
  class space    used 1083K, committed 1216K, reserved 425984K
}
Event: 3.210 GC heap after
{Heap after GC invocations=3 (full 0):
 garbage-first heap   total 96256K, used 18638K [0x0000000080000000, 0x0000000100000000)
  region size 1024K, 6 young (6144K), 6 survivors (6144K)
 Metaspace       used 8053K, committed 8256K, reserved 491520K
  class space    used 1083K, committed 1216K, reserved 425984K
}
Event: 4.433 GC heap before
{Heap before GC invocations=3 (full 0):
 garbage-first heap   total 96256K, used 61646K [0x0000000080000000, 0x0000000100000000)
  region size 1024K, 48 young (49152K), 6 survivors (6144K)
 Metaspace       used 16127K, committed 16384K, reserved 491520K
  class space    used 2244K, committed 2368K, reserved 425984K
}
Event: 4.442 GC heap after
{Heap after GC invocations=4 (full 0):
 garbage-first heap   total 96256K, used 21979K [0x0000000080000000, 0x0000000100000000)
  region size 1024K, 4 young (4096K), 4 survivors (4096K)
 Metaspace       used 16127K, committed 16384K, reserved 491520K
  class space    used 2244K, committed 2368K, reserved 425984K
}
Event: 5.471 GC heap before
{Heap before GC invocations=4 (full 0):
 garbage-first heap   total 96256K, used 61915K [0x0000000080000000, 0x0000000100000000)
  region size 1024K, 44 young (45056K), 4 survivors (4096K)
 Metaspace       used 21175K, committed 21504K, reserved 491520K
  class space    used 3089K, committed 3264K, reserved 425984K
}
Event: 5.477 GC heap after
{Heap after GC invocations=5 (full 0):
 garbage-first heap   total 96256K, used 24379K [0x0000000080000000, 0x0000000100000000)
  region size 1024K, 6 young (6144K), 6 survivors (6144K)
 Metaspace       used 21175K, committed 21504K, reserved 491520K
  class space    used 3089K, committed 3264K, reserved 425984K
}
Event: 6.367 GC heap before
{Heap before GC invocations=6 (full 0):
 garbage-first heap   total 89088K, used 68411K [0x0000000080000000, 0x0000000100000000)
  region size 1024K, 50 young (51200K), 6 survivors (6144K)
 Metaspace       used 26663K, committed 27008K, reserved 491520K
  class space    used 3903K, committed 4096K, reserved 425984K
}
Event: 6.378 GC heap after
{Heap after GC invocations=7 (full 0):
 garbage-first heap   total 89088K, used 28066K [0x0000000080000000, 0x0000000100000000)
  region size 1024K, 7 young (7168K), 7 survivors (7168K)
 Metaspace       used 26663K, committed 27008K, reserved 491520K
  class space    used 3903K, committed 4096K, reserved 425984K
}
Event: 7.377 GC heap before
{Heap before GC invocations=7 (full 0):
 garbage-first heap   total 89088K, used 64930K [0x0000000080000000, 0x0000000100000000)
  region size 1024K, 43 young (44032K), 7 survivors (7168K)
 Metaspace       used 32694K, committed 33088K, reserved 491520K
  class space    used 4709K, committed 4928K, reserved 425984K
}
Event: 7.387 GC heap after
{Heap after GC invocations=8 (full 0):
 garbage-first heap   total 89088K, used 30891K [0x0000000080000000, 0x0000000100000000)
  region size 1024K, 4 young (4096K), 4 survivors (4096K)
 Metaspace       used 32694K, committed 33088K, reserved 491520K
  class space    used 4709K, committed 4928K, reserved 425984K
}
Event: 7.868 GC heap before
{Heap before GC invocations=8 (full 0):
 garbage-first heap   total 89088K, used 68779K [0x0000000080000000, 0x0000000100000000)
  region size 1024K, 38 young (38912K), 4 survivors (4096K)
 Metaspace       used 35591K, committed 35968K, reserved 491520K
  class space    used 4980K, committed 5184K, reserved 425984K
}
Event: 7.877 GC heap after
{Heap after GC invocations=9 (full 0):
 garbage-first heap   total 89088K, used 36352K [0x0000000080000000, 0x0000000100000000)
  region size 1024K, 4 young (4096K), 4 survivors (4096K)
 Metaspace       used 35591K, committed 35968K, reserved 491520K
  class space    used 4980K, committed 5184K, reserved 425984K
}
Event: 9.713 GC heap before
{Heap before GC invocations=10 (full 0):
 garbage-first heap   total 89088K, used 68096K [0x0000000080000000, 0x0000000100000000)
  region size 1024K, 35 young (35840K), 4 survivors (4096K)
 Metaspace       used 38734K, committed 39232K, reserved 491520K
  class space    used 5362K, committed 5568K, reserved 425984K
}
Event: 9.720 GC heap after
{Heap after GC invocations=11 (full 0):
 garbage-first heap   total 89088K, used 37722K [0x0000000080000000, 0x0000000100000000)
  region size 1024K, 4 young (4096K), 4 survivors (4096K)
 Metaspace       used 38734K, committed 39232K, reserved 491520K
  class space    used 5362K, committed 5568K, reserved 425984K
}
Event: 10.189 GC heap before
{Heap before GC invocations=12 (full 0):
 garbage-first heap   total 89088K, used 67418K [0x0000000080000000, 0x0000000100000000)
  region size 1024K, 34 young (34816K), 4 survivors (4096K)
 Metaspace       used 40397K, committed 40960K, reserved 491520K
  class space    used 5618K, committed 5888K, reserved 425984K
}
Event: 10.196 GC heap after
{Heap after GC invocations=13 (full 0):
 garbage-first heap   total 107520K, used 39613K [0x0000000080000000, 0x0000000100000000)
  region size 1024K, 2 young (2048K), 2 survivors (2048K)
 Metaspace       used 40397K, committed 40960K, reserved 491520K
  class space    used 5618K, committed 5888K, reserved 425984K
}
Event: 11.079 GC heap before
{Heap before GC invocations=13 (full 0):
 garbage-first heap   total 107520K, used 81597K [0x0000000080000000, 0x0000000100000000)
  region size 1024K, 43 young (44032K), 2 survivors (2048K)
 Metaspace       used 44294K, committed 44864K, reserved 491520K
  class space    used 6259K, committed 6528K, reserved 425984K
}
Event: 11.083 GC heap after
{Heap after GC invocations=14 (full 0):
 garbage-first heap   total 107520K, used 41720K [0x0000000080000000, 0x0000000100000000)
  region size 1024K, 4 young (4096K), 4 survivors (4096K)
 Metaspace       used 44294K, committed 44864K, reserved 491520K
  class space    used 6259K, committed 6528K, reserved 425984K
}
Event: 11.680 GC heap before
{Heap before GC invocations=14 (full 0):
 garbage-first heap   total 107520K, used 84728K [0x0000000080000000, 0x0000000100000000)
  region size 1024K, 45 young (46080K), 4 survivors (4096K)
 Metaspace       used 49367K, committed 49984K, reserved 491520K
  class space    used 6851K, committed 7168K, reserved 425984K
}
Event: 11.685 GC heap after
{Heap after GC invocations=15 (full 0):
 garbage-first heap   total 107520K, used 43531K [0x0000000080000000, 0x0000000100000000)
  region size 1024K, 5 young (5120K), 5 survivors (5120K)
 Metaspace       used 49367K, committed 49984K, reserved 491520K
  class space    used 6851K, committed 7168K, reserved 425984K
}

