# JRE version: OpenJDK Runtime Environment Microsoft-9889599 (17.0.12+7) (build 17.0.12+7-LTS)
# Java VM: OpenJDK 64-Bit Server VM Microsoft-9889599 (17.0.12+7-LTS, mixed mode, sharing, tiered, compressed oops, compressed class ptrs, g1 gc, windows-amd64)
GC Precious Log:
 CPUs: 16 total, 16 available
 Memory: 5989M
 Large Page Support: Disabled
 NUMA Support: Disabled
 Compressed Oops: Enabled (32-bit)
 Heap Region Size: 1M
 Heap Min Capacity: 8M
 Heap Initial Capacity: 94M
 Heap Max Capacity: 2G
 Pre-touch: Disabled
 Parallel Workers: 13
 Concurrent Workers: 3
 Concurrent Refinement Workers: 13
 Periodic GC: Disabled
Heap:
 garbage-first heap   total 186368K, used 109070K [0x0000000080000000, 0x0000000100000000)
  region size 1024K, 7 young (7168K), 1 survivors (1024K)
 Metaspace       used 81587K, committed 82496K, reserved 557056K
  class space    used 11219K, committed 11648K, reserved 425984K
GC Heap History (20 events):
Event: 12.749 GC heap before
{Heap before GC invocations=23 (full 0):
 garbage-first heap   total 180224K, used 139288K [0x0000000080000000, 0x0000000100000000)
  region size 1024K, 69 young (70656K), 1 survivors (1024K)
 Metaspace       used 68678K, committed 69440K, reserved 491520K
  class space    used 9773K, committed 10176K, reserved 425984K
}
Event: 12.757 GC heap after
{Heap after GC invocations=24 (full 0):
 garbage-first heap   total 180224K, used 74324K [0x0000000080000000, 0x0000000100000000)
  region size 1024K, 6 young (6144K), 6 survivors (6144K)
 Metaspace       used 68678K, committed 69440K, reserved 491520K
  class space    used 9773K, committed 10176K, reserved 425984K
}
Event: 14.823 GC heap before
{Heap before GC invocations=24 (full 0):
 garbage-first heap   total 180224K, used 140884K [0x0000000080000000, 0x0000000100000000)
  region size 1024K, 71 young (72704K), 6 survivors (6144K)
 Metaspace       used 70721K, committed 71552K, reserved 491520K
  class space    used 9971K, committed 10368K, reserved 425984K
}
Event: 14.837 GC heap after
{Heap after GC invocations=25 (full 0):
 garbage-first heap   total 180224K, used 81786K [0x0000000080000000, 0x0000000100000000)
  region size 1024K, 8 young (8192K), 8 survivors (8192K)
 Metaspace       used 70721K, committed 71552K, reserved 491520K
  class space    used 9971K, committed 10368K, reserved 425984K
}
Event: 15.672 GC heap before
{Heap before GC invocations=25 (full 0):
 garbage-first heap   total 180224K, used 141178K [0x0000000080000000, 0x0000000100000000)
  region size 1024K, 67 young (68608K), 8 survivors (8192K)
 Metaspace       used 70793K, committed 71616K, reserved 491520K
  class space    used 9971K, committed 10368K, reserved 425984K
}
Event: 15.684 GC heap after
{Heap after GC invocations=26 (full 0):
 garbage-first heap   total 180224K, used 84279K [0x0000000080000000, 0x0000000100000000)
  region size 1024K, 5 young (5120K), 5 survivors (5120K)
 Metaspace       used 70793K, committed 71616K, reserved 491520K
  class space    used 9971K, committed 10368K, reserved 425984K
}
Event: 16.363 GC heap before
{Heap before GC invocations=26 (full 0):
 garbage-first heap   total 180224K, used 142647K [0x0000000080000000, 0x0000000100000000)
  region size 1024K, 63 young (64512K), 5 survivors (5120K)
 Metaspace       used 70797K, committed 71616K, reserved 491520K
  class space    used 9971K, committed 10368K, reserved 425984K
}
Event: 16.370 GC heap after
{Heap after GC invocations=27 (full 0):
 garbage-first heap   total 180224K, used 85359K [0x0000000080000000, 0x0000000100000000)
  region size 1024K, 6 young (6144K), 6 survivors (6144K)
 Metaspace       used 70797K, committed 71616K, reserved 491520K
  class space    used 9971K, committed 10368K, reserved 425984K
}
Event: 16.517 GC heap before
{Heap before GC invocations=27 (full 0):
 garbage-first heap   total 180224K, used 95599K [0x0000000080000000, 0x0000000100000000)
  region size 1024K, 17 young (17408K), 6 survivors (6144K)
 Metaspace       used 70822K, committed 71616K, reserved 491520K
  class space    used 9975K, committed 10368K, reserved 425984K
}
Event: 16.524 GC heap after
{Heap after GC invocations=28 (full 0):
 garbage-first heap   total 180224K, used 87336K [0x0000000080000000, 0x0000000100000000)
  region size 1024K, 5 young (5120K), 5 survivors (5120K)
 Metaspace       used 70822K, committed 71616K, reserved 491520K
  class space    used 9975K, committed 10368K, reserved 425984K
}
Event: 17.754 GC heap before
{Heap before GC invocations=29 (full 0):
 garbage-first heap   total 180224K, used 146728K [0x0000000080000000, 0x0000000100000000)
  region size 1024K, 58 young (59392K), 5 survivors (5120K)
 Metaspace       used 74282K, committed 75072K, reserved 491520K
  class space    used 10356K, committed 10752K, reserved 425984K
}
Event: 17.768 GC heap after
{Heap after GC invocations=30 (full 0):
 garbage-first heap   total 180224K, used 98677K [0x0000000080000000, 0x0000000100000000)
  region size 1024K, 8 young (8192K), 8 survivors (8192K)
 Metaspace       used 74282K, committed 75072K, reserved 491520K
  class space    used 10356K, committed 10752K, reserved 425984K
}
Event: 17.775 GC heap before
{Heap before GC invocations=30 (full 0):
 garbage-first heap   total 180224K, used 99701K [0x0000000080000000, 0x0000000100000000)
  region size 1024K, 9 young (9216K), 8 survivors (8192K)
 Metaspace       used 74353K, committed 75136K, reserved 491520K
  class space    used 10372K, committed 10752K, reserved 425984K
}
Event: 17.792 GC heap after
{Heap after GC invocations=31 (full 0):
 garbage-first heap   total 180224K, used 97554K [0x0000000080000000, 0x0000000100000000)
  region size 1024K, 1 young (1024K), 1 survivors (1024K)
 Metaspace       used 74353K, committed 75136K, reserved 491520K
  class space    used 10372K, committed 10752K, reserved 425984K
}
Event: 18.681 GC heap before
{Heap before GC invocations=31 (full 0):
 garbage-first heap   total 180224K, used 148754K [0x0000000080000000, 0x0000000100000000)
  region size 1024K, 47 young (48128K), 1 survivors (1024K)
 Metaspace       used 78494K, committed 79296K, reserved 557056K
  class space    used 10805K, committed 11200K, reserved 425984K
}
Event: 18.688 GC heap after
{Heap after GC invocations=32 (full 0):
 garbage-first heap   total 180224K, used 106018K [0x0000000080000000, 0x0000000100000000)
  region size 1024K, 6 young (6144K), 6 survivors (6144K)
 Metaspace       used 78494K, committed 79296K, reserved 557056K
  class space    used 10805K, committed 11200K, reserved 425984K
}
Event: 19.284 GC heap before
{Heap before GC invocations=33 (full 0):
 garbage-first heap   total 186368K, used 146978K [0x0000000080000000, 0x0000000100000000)
  region size 1024K, 45 young (46080K), 6 survivors (6144K)
 Metaspace       used 80839K, committed 81664K, reserved 557056K
  class space    used 11133K, committed 11520K, reserved 425984K
}
Event: 19.293 GC heap after
{Heap after GC invocations=34 (full 0):
 garbage-first heap   total 186368K, used 104685K [0x0000000080000000, 0x0000000100000000)
  region size 1024K, 3 young (3072K), 3 survivors (3072K)
 Metaspace       used 80839K, committed 81664K, reserved 557056K
  class space    used 11133K, committed 11520K, reserved 425984K
}
Event: 19.367 GC heap before
{Heap before GC invocations=34 (full 0):
 garbage-first heap   total 186368K, used 110829K [0x0000000080000000, 0x0000000100000000)
  region size 1024K, 9 young (9216K), 3 survivors (3072K)
 Metaspace       used 81195K, committed 82048K, reserved 557056K
  class space    used 11178K, committed 11584K, reserved 425984K
}
Event: 19.372 GC heap after
{Heap after GC invocations=35 (full 0):
 garbage-first heap   total 186368K, used 103950K [0x0000000080000000, 0x0000000100000000)
  region size 1024K, 1 young (1024K), 1 survivors (1024K)
 Metaspace       used 81195K, committed 82048K, reserved 557056K
  class space    used 11178K, committed 11584K, reserved 425984K
}

