# JRE version: OpenJDK Runtime Environment Microsoft-9889599 (17.0.12+7) (build 17.0.12+7-LTS)
# Java VM: OpenJDK 64-Bit Server VM Microsoft-9889599 (17.0.12+7-LTS, mixed mode, sharing, tiered, compressed oops, compressed class ptrs, g1 gc, windows-amd64)
GC Precious Log:
 CPUs: 16 total, 16 available
 Memory: 5989M
 Large Page Support: Disabled
 NUMA Support: Disabled
 Compressed Oops: Enabled (32-bit)
 Heap Region Size: 1M
 Heap Min Capacity: 8M
 Heap Initial Capacity: 94M
 Heap Max Capacity: 2G
 Pre-touch: Disabled
 Parallel Workers: 13
 Concurrent Workers: 3
 Concurrent Refinement Workers: 13
 Periodic GC: Disabled
Heap:
 garbage-first heap   total 103424K, used 57502K [0x0000000080000000, 0x0000000100000000)
  region size 1024K, 25 young (25600K), 5 survivors (5120K)
 Metaspace       used 47848K, committed 48448K, reserved 491520K
  class space    used 6682K, committed 6976K, reserved 425984K
GC Heap History (20 events):
Event: 1.340 GC heap before
{Heap before GC invocations=1 (full 0):
 garbage-first heap   total 96256K, used 38304K [0x0000000080000000, 0x0000000100000000)
  region size 1024K, 30 young (30720K), 3 survivors (3072K)
 Metaspace       used 4096K, committed 4288K, reserved 491520K
  class space    used 503K, committed 640K, reserved 425984K
}
Event: 1.346 GC heap after
{Heap after GC invocations=2 (full 0):
 garbage-first heap   total 96256K, used 11966K [0x0000000080000000, 0x0000000100000000)
  region size 1024K, 2 young (2048K), 2 survivors (2048K)
 Metaspace       used 4096K, committed 4288K, reserved 491520K
  class space    used 503K, committed 640K, reserved 425984K
}
Event: 2.459 GC heap before
{Heap before GC invocations=2 (full 0):
 garbage-first heap   total 96256K, used 60094K [0x0000000080000000, 0x0000000100000000)
  region size 1024K, 47 young (48128K), 2 survivors (2048K)
 Metaspace       used 8789K, committed 9024K, reserved 491520K
  class space    used 1167K, committed 1280K, reserved 425984K
}
Event: 2.468 GC heap after
{Heap after GC invocations=3 (full 0):
 garbage-first heap   total 96256K, used 19243K [0x0000000080000000, 0x0000000100000000)
  region size 1024K, 6 young (6144K), 6 survivors (6144K)
 Metaspace       used 8789K, committed 9024K, reserved 491520K
  class space    used 1167K, committed 1280K, reserved 425984K
}
Event: 3.220 GC heap before
{Heap before GC invocations=3 (full 0):
 garbage-first heap   total 96256K, used 60203K [0x0000000080000000, 0x0000000100000000)
  region size 1024K, 47 young (48128K), 6 survivors (6144K)
 Metaspace       used 16008K, committed 16256K, reserved 491520K
  class space    used 2241K, committed 2368K, reserved 425984K
}
Event: 3.227 GC heap after
{Heap after GC invocations=4 (full 0):
 garbage-first heap   total 96256K, used 21649K [0x0000000080000000, 0x0000000100000000)
  region size 1024K, 3 young (3072K), 3 survivors (3072K)
 Metaspace       used 16008K, committed 16256K, reserved 491520K
  class space    used 2241K, committed 2368K, reserved 425984K
}
Event: 3.867 GC heap before
{Heap before GC invocations=4 (full 0):
 garbage-first heap   total 96256K, used 60561K [0x0000000080000000, 0x0000000100000000)
  region size 1024K, 43 young (44032K), 3 survivors (3072K)
 Metaspace       used 21230K, committed 21504K, reserved 491520K
  class space    used 3086K, committed 3264K, reserved 425984K
}
Event: 3.872 GC heap after
{Heap after GC invocations=5 (full 0):
 garbage-first heap   total 96256K, used 24096K [0x0000000080000000, 0x0000000100000000)
  region size 1024K, 5 young (5120K), 5 survivors (5120K)
 Metaspace       used 21230K, committed 21504K, reserved 491520K
  class space    used 3086K, committed 3264K, reserved 425984K
}
Event: 4.560 GC heap before
{Heap before GC invocations=6 (full 0):
 garbage-first heap   total 86016K, used 70176K [0x0000000080000000, 0x0000000100000000)
  region size 1024K, 50 young (51200K), 5 survivors (5120K)
 Metaspace       used 26939K, committed 27200K, reserved 491520K
  class space    used 3918K, committed 4032K, reserved 425984K
}
Event: 4.567 GC heap after
{Heap after GC invocations=7 (full 0):
 garbage-first heap   total 86016K, used 26603K [0x0000000080000000, 0x0000000100000000)
  region size 1024K, 6 young (6144K), 6 survivors (6144K)
 Metaspace       used 26939K, committed 27200K, reserved 491520K
  class space    used 3918K, committed 4032K, reserved 425984K
}
Event: 4.932 GC heap before
{Heap before GC invocations=7 (full 0):
 garbage-first heap   total 86016K, used 60395K [0x0000000080000000, 0x0000000100000000)
  region size 1024K, 40 young (40960K), 6 survivors (6144K)
 Metaspace       used 31406K, committed 31744K, reserved 491520K
  class space    used 4398K, committed 4608K, reserved 425984K
}
Event: 4.940 GC heap after
{Heap after GC invocations=8 (full 0):
 garbage-first heap   total 86016K, used 29902K [0x0000000080000000, 0x0000000100000000)
  region size 1024K, 5 young (5120K), 5 survivors (5120K)
 Metaspace       used 31406K, committed 31744K, reserved 491520K
  class space    used 4398K, committed 4608K, reserved 425984K
}
Event: 5.450 GC heap before
{Heap before GC invocations=8 (full 0):
 garbage-first heap   total 86016K, used 66766K [0x0000000080000000, 0x0000000100000000)
  region size 1024K, 38 young (38912K), 5 survivors (5120K)
 Metaspace       used 35650K, committed 36096K, reserved 491520K
  class space    used 4955K, committed 5184K, reserved 425984K
}
Event: 5.458 GC heap after
{Heap after GC invocations=9 (full 0):
 garbage-first heap   total 86016K, used 33043K [0x0000000080000000, 0x0000000100000000)
  region size 1024K, 3 young (3072K), 3 survivors (3072K)
 Metaspace       used 35650K, committed 36096K, reserved 491520K
  class space    used 4955K, committed 5184K, reserved 425984K
}
Event: 5.793 GC heap before
{Heap before GC invocations=10 (full 0):
 garbage-first heap   total 86016K, used 64787K [0x0000000080000000, 0x0000000100000000)
  region size 1024K, 34 young (34816K), 3 survivors (3072K)
 Metaspace       used 37169K, committed 37696K, reserved 491520K
  class space    used 5188K, committed 5440K, reserved 425984K
}
Event: 5.797 GC heap after
{Heap after GC invocations=11 (full 0):
 garbage-first heap   total 86016K, used 34774K [0x0000000080000000, 0x0000000100000000)
  region size 1024K, 2 young (2048K), 2 survivors (2048K)
 Metaspace       used 37169K, committed 37696K, reserved 491520K
  class space    used 5188K, committed 5440K, reserved 425984K
}
Event: 6.262 GC heap before
{Heap before GC invocations=11 (full 0):
 garbage-first heap   total 86016K, used 65494K [0x0000000080000000, 0x0000000100000000)
  region size 1024K, 32 young (32768K), 2 survivors (2048K)
 Metaspace       used 40238K, committed 40640K, reserved 491520K
  class space    used 5676K, committed 5888K, reserved 425984K
}
Event: 6.265 GC heap after
{Heap after GC invocations=12 (full 0):
 garbage-first heap   total 103424K, used 35635K [0x0000000080000000, 0x0000000100000000)
  region size 1024K, 3 young (3072K), 3 survivors (3072K)
 Metaspace       used 40238K, committed 40640K, reserved 491520K
  class space    used 5676K, committed 5888K, reserved 425984K
}
Event: 6.958 GC heap before
{Heap before GC invocations=12 (full 0):
 garbage-first heap   total 103424K, used 82739K [0x0000000080000000, 0x0000000100000000)
  region size 1024K, 47 young (48128K), 3 survivors (3072K)
 Metaspace       used 45281K, committed 45760K, reserved 491520K
  class space    used 6321K, committed 6528K, reserved 425984K
}
Event: 6.963 GC heap after
{Heap after GC invocations=13 (full 0):
 garbage-first heap   total 103424K, used 38046K [0x0000000080000000, 0x0000000100000000)
  region size 1024K, 5 young (5120K), 5 survivors (5120K)
 Metaspace       used 45281K, committed 45760K, reserved 491520K
  class space    used 6321K, committed 6528K, reserved 425984K
}

