# JRE version: OpenJDK Runtime Environment Microsoft-9889599 (17.0.12+7) (build 17.0.12+7-LTS)
# Java VM: OpenJDK 64-Bit Server VM Microsoft-9889599 (17.0.12+7-LTS, mixed mode, sharing, tiered, compressed oops, compressed class ptrs, g1 gc, windows-amd64)
GC Precious Log:
 CPUs: 16 total, 16 available
 Memory: 5989M
 Large Page Support: Disabled
 NUMA Support: Disabled
 Compressed Oops: Enabled (32-bit)
 Heap Region Size: 1M
 Heap Min Capacity: 8M
 Heap Initial Capacity: 94M
 Heap Max Capacity: 2G
 Pre-touch: Disabled
 Parallel Workers: 13
 Concurrent Workers: 3
 Concurrent Refinement Workers: 13
 Periodic GC: Disabled
Heap:
 garbage-first heap   total 96256K, used 46578K [0x0000000080000000, 0x0000000100000000)
  region size 1024K, 34 young (34816K), 6 survivors (6144K)
 Metaspace       used 13369K, committed 13632K, reserved 491520K
  class space    used 1855K, committed 1984K, reserved 425984K
GC Heap History (6 events):
Event: 0.752 GC heap before
{Heap before GC invocations=0 (full 0):
 garbage-first heap   total 96256K, used 26624K [0x0000000080000000, 0x0000000100000000)
  region size 1024K, 23 young (23552K), 0 survivors (0K)
 Metaspace       used 2064K, committed 2240K, reserved 491520K
  class space    used 217K, committed 320K, reserved 425984K
}
Event: 0.758 GC heap after
{Heap after GC invocations=1 (full 0):
 garbage-first heap   total 96256K, used 10708K [0x0000000080000000, 0x0000000100000000)
  region size 1024K, 3 young (3072K), 3 survivors (3072K)
 Metaspace       used 2064K, committed 2240K, reserved 491520K
  class space    used 217K, committed 320K, reserved 425984K
}
Event: 1.588 GC heap before
{Heap before GC invocations=1 (full 0):
 garbage-first heap   total 96256K, used 37332K [0x0000000080000000, 0x0000000100000000)
  region size 1024K, 29 young (29696K), 3 survivors (3072K)
 Metaspace       used 4089K, committed 4288K, reserved 491520K
  class space    used 503K, committed 640K, reserved 425984K
}
Event: 1.597 GC heap after
{Heap after GC invocations=2 (full 0):
 garbage-first heap   total 96256K, used 12315K [0x0000000080000000, 0x0000000100000000)
  region size 1024K, 2 young (2048K), 2 survivors (2048K)
 Metaspace       used 4089K, committed 4288K, reserved 491520K
  class space    used 503K, committed 640K, reserved 425984K
}
Event: 3.419 GC heap before
{Heap before GC invocations=2 (full 0):
 garbage-first heap   total 96256K, used 58395K [0x0000000080000000, 0x0000000100000000)
  region size 1024K, 45 young (46080K), 2 survivors (2048K)
 Metaspace       used 8160K, committed 8384K, reserved 491520K
  class space    used 1089K, committed 1216K, reserved 425984K
}
Event: 3.427 GC heap after
{Heap after GC invocations=3 (full 0):
 garbage-first heap   total 96256K, used 18930K [0x0000000080000000, 0x0000000100000000)
  region size 1024K, 6 young (6144K), 6 survivors (6144K)
 Metaspace       used 8160K, committed 8384K, reserved 491520K
  class space    used 1089K, committed 1216K, reserved 425984K
}

