# JRE version: OpenJDK Runtime Environment Microsoft-9889599 (17.0.12+7) (build 17.0.12+7-LTS)
# Java VM: OpenJDK 64-Bit Server VM Microsoft-9889599 (17.0.12+7-LTS, mixed mode, sharing, tiered, compressed oops, compressed class ptrs, g1 gc, windows-amd64)
GC Precious Log:
 CPUs: 16 total, 16 available
 Memory: 5989M
 Large Page Support: Disabled
 NUMA Support: Disabled
 Compressed Oops: Enabled (32-bit)
 Heap Region Size: 1M
 Heap Min Capacity: 8M
 Heap Initial Capacity: 94M
 Heap Max Capacity: 2G
 Pre-touch: Disabled
 Parallel Workers: 13
 Concurrent Workers: 3
 Concurrent Refinement Workers: 13
 Periodic GC: Disabled
Heap:
 garbage-first heap   total 107520K, used 62692K [0x0000000080000000, 0x0000000100000000)
  region size 1024K, 5 young (5120K), 5 survivors (5120K)
 Metaspace       used 59120K, committed 59776K, reserved 491520K
  class space    used 8370K, committed 8640K, reserved 425984K
GC Heap History (20 events):
Event: 3.970 GC heap after
{Heap after GC invocations=5 (full 0):
 garbage-first heap   total 96256K, used 24232K [0x0000000080000000, 0x0000000100000000)
  region size 1024K, 6 young (6144K), 6 survivors (6144K)
 Metaspace       used 21185K, committed 21504K, reserved 491520K
  class space    used 3085K, committed 3264K, reserved 425984K
}
Event: 4.614 GC heap before
{Heap before GC invocations=6 (full 0):
 garbage-first heap   total 89088K, used 68264K [0x0000000080000000, 0x0000000100000000)
  region size 1024K, 49 young (50176K), 6 survivors (6144K)
 Metaspace       used 26522K, committed 26880K, reserved 491520K
  class space    used 3908K, committed 4032K, reserved 425984K
}
Event: 4.622 GC heap after
{Heap after GC invocations=7 (full 0):
 garbage-first heap   total 89088K, used 26290K [0x0000000080000000, 0x0000000100000000)
  region size 1024K, 5 young (5120K), 5 survivors (5120K)
 Metaspace       used 26522K, committed 26880K, reserved 491520K
  class space    used 3908K, committed 4032K, reserved 425984K
}
Event: 5.052 GC heap before
{Heap before GC invocations=7 (full 0):
 garbage-first heap   total 89088K, used 65202K [0x0000000080000000, 0x0000000100000000)
  region size 1024K, 44 young (45056K), 5 survivors (5120K)
 Metaspace       used 31803K, committed 32192K, reserved 491520K
  class space    used 4469K, committed 4672K, reserved 425984K
}
Event: 5.060 GC heap after
{Heap after GC invocations=8 (full 0):
 garbage-first heap   total 89088K, used 30586K [0x0000000080000000, 0x0000000100000000)
  region size 1024K, 6 young (6144K), 6 survivors (6144K)
 Metaspace       used 31803K, committed 32192K, reserved 491520K
  class space    used 4469K, committed 4672K, reserved 425984K
}
Event: 5.568 GC heap before
{Heap before GC invocations=8 (full 0):
 garbage-first heap   total 89088K, used 65402K [0x0000000080000000, 0x0000000100000000)
  region size 1024K, 37 young (37888K), 6 survivors (6144K)
 Metaspace       used 35630K, committed 36096K, reserved 491520K
  class space    used 4956K, committed 5184K, reserved 425984K
}
Event: 5.576 GC heap after
{Heap after GC invocations=9 (full 0):
 garbage-first heap   total 107520K, used 33082K [0x0000000080000000, 0x0000000100000000)
  region size 1024K, 3 young (3072K), 3 survivors (3072K)
 Metaspace       used 35630K, committed 36096K, reserved 491520K
  class space    used 4956K, committed 5184K, reserved 425984K
}
Event: 6.127 GC heap before
{Heap before GC invocations=10 (full 0):
 garbage-first heap   total 107520K, used 78138K [0x0000000080000000, 0x0000000100000000)
  region size 1024K, 47 young (48128K), 3 survivors (3072K)
 Metaspace       used 38440K, committed 38912K, reserved 491520K
  class space    used 5404K, committed 5632K, reserved 425984K
}
Event: 6.131 GC heap after
{Heap after GC invocations=11 (full 0):
 garbage-first heap   total 107520K, used 34773K [0x0000000080000000, 0x0000000100000000)
  region size 1024K, 5 young (5120K), 5 survivors (5120K)
 Metaspace       used 38440K, committed 38912K, reserved 491520K
  class space    used 5404K, committed 5632K, reserved 425984K
}
Event: 6.836 GC heap before
{Heap before GC invocations=11 (full 0):
 garbage-first heap   total 107520K, used 80853K [0x0000000080000000, 0x0000000100000000)
  region size 1024K, 49 young (50176K), 5 survivors (5120K)
 Metaspace       used 43331K, committed 43840K, reserved 491520K
  class space    used 6053K, committed 6272K, reserved 425984K
}
Event: 6.842 GC heap after
{Heap after GC invocations=12 (full 0):
 garbage-first heap   total 107520K, used 37546K [0x0000000080000000, 0x0000000100000000)
  region size 1024K, 5 young (5120K), 5 survivors (5120K)
 Metaspace       used 43331K, committed 43840K, reserved 491520K
  class space    used 6053K, committed 6272K, reserved 425984K
}
Event: 7.491 GC heap before
{Heap before GC invocations=12 (full 0):
 garbage-first heap   total 107520K, used 82602K [0x0000000080000000, 0x0000000100000000)
  region size 1024K, 49 young (50176K), 5 survivors (5120K)
 Metaspace       used 48541K, committed 49088K, reserved 491520K
  class space    used 6789K, committed 7040K, reserved 425984K
}
Event: 7.497 GC heap after
{Heap after GC invocations=13 (full 0):
 garbage-first heap   total 107520K, used 39606K [0x0000000080000000, 0x0000000100000000)
  region size 1024K, 5 young (5120K), 5 survivors (5120K)
 Metaspace       used 48541K, committed 49088K, reserved 491520K
  class space    used 6789K, committed 7040K, reserved 425984K
}
Event: 8.360 GC heap before
{Heap before GC invocations=13 (full 0):
 garbage-first heap   total 107520K, used 83638K [0x0000000080000000, 0x0000000100000000)
  region size 1024K, 48 young (49152K), 5 survivors (5120K)
 Metaspace       used 51625K, committed 52224K, reserved 491520K
  class space    used 7257K, committed 7552K, reserved 425984K
}
Event: 8.369 GC heap after
{Heap after GC invocations=14 (full 0):
 garbage-first heap   total 107520K, used 43196K [0x0000000080000000, 0x0000000100000000)
  region size 1024K, 6 young (6144K), 6 survivors (6144K)
 Metaspace       used 51625K, committed 52224K, reserved 491520K
  class space    used 7257K, committed 7552K, reserved 425984K
}
Event: 8.990 GC heap before
{Heap before GC invocations=14 (full 0):
 garbage-first heap   total 107520K, used 83132K [0x0000000080000000, 0x0000000100000000)
  region size 1024K, 46 young (47104K), 6 survivors (6144K)
 Metaspace       used 54435K, committed 55040K, reserved 491520K
  class space    used 7722K, committed 8000K, reserved 425984K
}
Event: 8.997 GC heap after
{Heap after GC invocations=15 (full 0):
 garbage-first heap   total 107520K, used 45676K [0x0000000080000000, 0x0000000100000000)
  region size 1024K, 4 young (4096K), 4 survivors (4096K)
 Metaspace       used 54435K, committed 55040K, reserved 491520K
  class space    used 7722K, committed 8000K, reserved 425984K
}
Event: 9.508 GC heap before
{Heap before GC invocations=15 (full 0):
 garbage-first heap   total 107520K, used 72300K [0x0000000080000000, 0x0000000100000000)
  region size 1024K, 28 young (28672K), 4 survivors (4096K)
 Metaspace       used 56751K, committed 57344K, reserved 491520K
  class space    used 8065K, committed 8320K, reserved 425984K
}
Event: 9.514 GC heap after
{Heap after GC invocations=16 (full 0):
 garbage-first heap   total 107520K, used 51722K [0x0000000080000000, 0x0000000100000000)
  region size 1024K, 3 young (3072K), 3 survivors (3072K)
 Metaspace       used 56751K, committed 57344K, reserved 491520K
  class space    used 8065K, committed 8320K, reserved 425984K
}
Event: 10.143 GC heap before
{Heap before GC invocations=17 (full 0):
 garbage-first heap   total 107520K, used 93706K [0x0000000080000000, 0x0000000100000000)
  region size 1024K, 36 young (36864K), 3 survivors (3072K)
 Metaspace       used 59120K, committed 59776K, reserved 491520K
  class space    used 8370K, committed 8640K, reserved 425984K
}

